Start testing: Jul 11 14:18 UTC
----------------------------------------------------------
1/6 Testing: DiarioAttivitaTest.ValidaOraGenerale
1/6 Test: DiarioAttivitaTest.ValidaOraGenerale
Command: "/workspaces/esame0207/build/test_diario" "--gtest_filter=DiarioAttivitaTest.ValidaOraGenerale" "--gtest_also_run_disabled_tests"
Directory: /workspaces/esame0207/build
"DiarioAttivitaTest.ValidaOraGenerale" start time: Jul 11 14:18 UTC
Output:
----------------------------------------------------------
Running main() from /workspaces/esame0207/build/_deps/googletest-src/googletest/src/gtest_main.cc
Note: Google Test filter = DiarioAttivitaTest.ValidaOraGenerale
[==========] Running 1 test from 1 test suite.
[----------] Global test environment set-up.
[----------] 1 test from DiarioAttivitaTest
[ RUN      ] DiarioAttivitaTest.ValidaOraGenerale
[       OK ] DiarioAttivitaTest.ValidaOraGenerale (0 ms)
[----------] 1 test from DiarioAttivitaTest (0 ms total)

[----------] Global test environment tear-down
[==========] 1 test from 1 test suite ran. (0 ms total)
[  PASSED  ] 1 test.
<end of output>
Test time =   0.00 sec
----------------------------------------------------------
Test Passed.
"DiarioAttivitaTest.ValidaOraGenerale" end time: Jul 11 14:18 UTC
"DiarioAttivitaTest.ValidaOraGenerale" time elapsed: 00:00:00
----------------------------------------------------------

2/6 Testing: DiarioAttivitaTest.ValidaDataGenerale
2/6 Test: DiarioAttivitaTest.ValidaDataGenerale
Command: "/workspaces/esame0207/build/test_diario" "--gtest_filter=DiarioAttivitaTest.ValidaDataGenerale" "--gtest_also_run_disabled_tests"
Directory: /workspaces/esame0207/build
"DiarioAttivitaTest.ValidaDataGenerale" start time: Jul 11 14:18 UTC
Output:
----------------------------------------------------------
Running main() from /workspaces/esame0207/build/_deps/googletest-src/googletest/src/gtest_main.cc
Note: Google Test filter = DiarioAttivitaTest.ValidaDataGenerale
[==========] Running 1 test from 1 test suite.
[----------] Global test environment set-up.
[----------] 1 test from DiarioAttivitaTest
[ RUN      ] DiarioAttivitaTest.ValidaDataGenerale
[       OK ] DiarioAttivitaTest.ValidaDataGenerale (0 ms)
[----------] 1 test from DiarioAttivitaTest (0 ms total)

[----------] Global test environment tear-down
[==========] 1 test from 1 test suite ran. (0 ms total)
[  PASSED  ] 1 test.
<end of output>
Test time =   0.00 sec
----------------------------------------------------------
Test Passed.
"DiarioAttivitaTest.ValidaDataGenerale" end time: Jul 11 14:18 UTC
"DiarioAttivitaTest.ValidaDataGenerale" time elapsed: 00:00:00
----------------------------------------------------------

3/6 Testing: DiarioAttivitaTest.AggiuntaGenerale
3/6 Test: DiarioAttivitaTest.AggiuntaGenerale
Command: "/workspaces/esame0207/build/test_diario" "--gtest_filter=DiarioAttivitaTest.AggiuntaGenerale" "--gtest_also_run_disabled_tests"
Directory: /workspaces/esame0207/build
"DiarioAttivitaTest.AggiuntaGenerale" start time: Jul 11 14:18 UTC
Output:
----------------------------------------------------------
Running main() from /workspaces/esame0207/build/_deps/googletest-src/googletest/src/gtest_main.cc
Note: Google Test filter = DiarioAttivitaTest.AggiuntaGenerale
[==========] Running 1 test from 1 test suite.
[----------] Global test environment set-up.
[----------] 1 test from DiarioAttivitaTest
[ RUN      ] DiarioAttivitaTest.AggiuntaGenerale
[       OK ] DiarioAttivitaTest.AggiuntaGenerale (0 ms)
[----------] 1 test from DiarioAttivitaTest (0 ms total)

[----------] Global test environment tear-down
[==========] 1 test from 1 test suite ran. (0 ms total)
[  PASSED  ] 1 test.
<end of output>
Test time =   0.00 sec
----------------------------------------------------------
Test Passed.
"DiarioAttivitaTest.AggiuntaGenerale" end time: Jul 11 14:18 UTC
"DiarioAttivitaTest.AggiuntaGenerale" time elapsed: 00:00:00
----------------------------------------------------------

4/6 Testing: DiarioAttivitaTest.CaricamentoGenerale
4/6 Test: DiarioAttivitaTest.CaricamentoGenerale
Command: "/workspaces/esame0207/build/test_diario" "--gtest_filter=DiarioAttivitaTest.CaricamentoGenerale" "--gtest_also_run_disabled_tests"
Directory: /workspaces/esame0207/build
"DiarioAttivitaTest.CaricamentoGenerale" start time: Jul 11 14:18 UTC
Output:
----------------------------------------------------------
Running main() from /workspaces/esame0207/build/_deps/googletest-src/googletest/src/gtest_main.cc
Note: Google Test filter = DiarioAttivitaTest.CaricamentoGenerale
[==========] Running 1 test from 1 test suite.
[----------] Global test environment set-up.
[----------] 1 test from DiarioAttivitaTest
[ RUN      ] DiarioAttivitaTest.CaricamentoGenerale
[       OK ] DiarioAttivitaTest.CaricamentoGenerale (0 ms)
[----------] 1 test from DiarioAttivitaTest (0 ms total)

[----------] Global test environment tear-down
[==========] 1 test from 1 test suite ran. (0 ms total)
[  PASSED  ] 1 test.
<end of output>
Test time =   0.00 sec
----------------------------------------------------------
Test Passed.
"DiarioAttivitaTest.CaricamentoGenerale" end time: Jul 11 14:18 UTC
"DiarioAttivitaTest.CaricamentoGenerale" time elapsed: 00:00:00
----------------------------------------------------------

5/6 Testing: DiarioAttivitaTest.VisualizzazioneGenerale
5/6 Test: DiarioAttivitaTest.VisualizzazioneGenerale
Command: "/workspaces/esame0207/build/test_diario" "--gtest_filter=DiarioAttivitaTest.VisualizzazioneGenerale" "--gtest_also_run_disabled_tests"
Directory: /workspaces/esame0207/build
"DiarioAttivitaTest.VisualizzazioneGenerale" start time: Jul 11 14:18 UTC
Output:
----------------------------------------------------------
Running main() from /workspaces/esame0207/build/_deps/googletest-src/googletest/src/gtest_main.cc
Note: Google Test filter = DiarioAttivitaTest.VisualizzazioneGenerale
[==========] Running 1 test from 1 test suite.
[----------] Global test environment set-up.
[----------] 1 test from DiarioAttivitaTest
[ RUN      ] DiarioAttivitaTest.VisualizzazioneGenerale
[       OK ] DiarioAttivitaTest.VisualizzazioneGenerale (0 ms)
[----------] 1 test from DiarioAttivitaTest (0 ms total)

[----------] Global test environment tear-down
[==========] 1 test from 1 test suite ran. (0 ms total)
[  PASSED  ] 1 test.
<end of output>
Test time =   0.00 sec
----------------------------------------------------------
Test Passed.
"DiarioAttivitaTest.VisualizzazioneGenerale" end time: Jul 11 14:18 UTC
"DiarioAttivitaTest.VisualizzazioneGenerale" time elapsed: 00:00:00
----------------------------------------------------------

6/6 Testing: DiarioAttivitaTest.EliminazioneGenerale
6/6 Test: DiarioAttivitaTest.EliminazioneGenerale
Command: "/workspaces/esame0207/build/test_diario" "--gtest_filter=DiarioAttivitaTest.EliminazioneGenerale" "--gtest_also_run_disabled_tests"
Directory: /workspaces/esame0207/build
"DiarioAttivitaTest.EliminazioneGenerale" start time: Jul 11 14:18 UTC
Output:
----------------------------------------------------------
Running main() from /workspaces/esame0207/build/_deps/googletest-src/googletest/src/gtest_main.cc
Note: Google Test filter = DiarioAttivitaTest.EliminazioneGenerale
[==========] Running 1 test from 1 test suite.
[----------] Global test environment set-up.
[----------] 1 test from DiarioAttivitaTest
[ RUN      ] DiarioAttivitaTest.EliminazioneGenerale
[       OK ] DiarioAttivitaTest.EliminazioneGenerale (0 ms)
[----------] 1 test from DiarioAttivitaTest (0 ms total)

[----------] Global test environment tear-down
[==========] 1 test from 1 test suite ran. (0 ms total)
[  PASSED  ] 1 test.
<end of output>
Test time =   0.00 sec
----------------------------------------------------------
Test Passed.
"DiarioAttivitaTest.EliminazioneGenerale" end time: Jul 11 14:18 UTC
"DiarioAttivitaTest.EliminazioneGenerale" time elapsed: 00:00:00
----------------------------------------------------------

End testing: Jul 11 14:18 UTC
