Start testing: Jul 15 22:53 UTC
----------------------------------------------------------
6/6 Testing: DiarioAttivitaTest.EliminazioneGenerale
6/6 Test: DiarioAttivitaTest.EliminazioneGenerale
Command: "/workspaces/esame0207/build/test_diario" "--gtest_filter=DiarioAttivitaTest.EliminazioneGenerale" "--gtest_also_run_disabled_tests"
Directory: /workspaces/esame0207/build
"DiarioAttivitaTest.EliminazioneGenerale" start time: Jul 15 22:53 UTC
Output:
----------------------------------------------------------
Running main() from /workspaces/esame0207/build/_deps/googletest-src/googletest/src/gtest_main.cc
Note: Google Test filter = DiarioAttivitaTest.EliminazioneGenerale
[==========] Running 1 test from 1 test suite.
[----------] Global test environment set-up.
[----------] 1 test from DiarioAttivitaTest
[ RUN      ] DiarioAttivitaTest.EliminazioneGenerale
[       OK ] DiarioAttivitaTest.EliminazioneGenerale (3 ms)
[----------] 1 test from DiarioAttivitaTest (3 ms total)

[----------] Global test environment tear-down
[==========] 1 test from 1 test suite ran. (3 ms total)
[  PASSED  ] 1 test.
<end of output>
Test time =   0.01 sec
----------------------------------------------------------
Test Passed.
"DiarioAttivitaTest.EliminazioneGenerale" end time: Jul 15 22:53 UTC
"DiarioAttivitaTest.EliminazioneGenerale" time elapsed: 00:00:00
----------------------------------------------------------

End testing: Jul 15 22:53 UTC
