<?xml version="1.0" encoding="UTF-8"?>
<Site BuildName="(empty)"
	BuildStamp="20250715-1935-Experimental"
	Name="(empty)"
	Generator="ctest-3.28.3"
	CompilerName=""
	CompilerVersion=""
	OSName="Linux"
	Hostname="codespaces-a079b9"
	OSRelease="6.8.0-1027-azure"
	OSVersion="#32~22.04.1-Ubuntu SMP Thu Apr  3 20:26:27 UTC 2025"
	OSPlatform="x86_64"
	Is64Bits="1"
	VendorString="GenuineIntel"
	VendorID="Intel Corporation"
	FamilyID="6"
	ModelID="106"
	ProcessorCacheSize="49152"
	NumberOfLogicalCPU="2"
	NumberOfPhysicalCPU="1"
	TotalVirtualMemory="0"
	TotalPhysicalMemory="7937"
	LogicalProcessorsPerPhysical="2"
	ProcessorClockFrequency="3392.3"
	>
	<Testing>
		<StartDateTime>Jul 15 23:40 UTC</StartDateTime>
		<StartTestTime>1752622851</StartTestTime>
		<TestList>
			<Test>./DiarioAttivitaTest.CoerenzaListaAttivita</Test>
		</TestList>
		<Test Status="passed">
			<Name>DiarioAttivitaTest.CoerenzaListaAttivita</Name>
			<Path>.</Path>
			<FullName>./DiarioAttivitaTest.CoerenzaListaAttivita</FullName>
			<FullCommandLine>/workspaces/esame0207/build/test_diario "--gtest_filter=DiarioAttivitaTest.CoerenzaListaAttivita" "--gtest_also_run_disabled_tests"</FullCommandLine>
			<Results>
				<NamedMeasurement type="numeric/double" name="Execution Time">
					<Value>0.00937295</Value>
				</NamedMeasurement>
				<NamedMeasurement type="numeric/double" name="Processors">
					<Value>1</Value>
				</NamedMeasurement>
				<NamedMeasurement type="text/string" name="Completion Status">
					<Value>Completed</Value>
				</NamedMeasurement>
				<NamedMeasurement type="text/string" name="Command Line">
					<Value>/workspaces/esame0207/build/test_diario "--gtest_filter=DiarioAttivitaTest.CoerenzaListaAttivita" "--gtest_also_run_disabled_tests"</Value>
				</NamedMeasurement>
				<NamedMeasurement type="text/string" name="Environment">
					<Value>#CTEST_RESOURCE_GROUP_COUNT=</Value>
				</NamedMeasurement>
				<Measurement>
					<Value encoding="base64" compression="gzip">eJyVUMtqwzAQvOsr9hgfLKU9tFDIITQlh5a0OO3JmKDYGyMqa420TqBfXz/SkLQE6jntMjOr0SSNc8aVUGnjJhHsPFWgDuQ/Q61zDAqDrnB6O71X28bYQm0KrIMqiUqLjIHj4POzVfVrN226izLPxYoYH2DZS+C9ZWBnLKOHGSyM9obmzGZvWHecfCT06L70iwmsfxiRzk7IIDlGvgHur3WRj3NoDKMUaXxCBktLW20HHt3eeHIVulaLHDf1L/H5zb/pRArJxwp6ZCPSDw54fR7hgskdVCEaE2+wABNrG4n/tcCofVzQwV12fK1b8NrJy3fa373N1+unRdfJoJXiG1fgxoE=</Value>
				</Measurement>
			</Results>
		</Test>
		<EndDateTime>Jul 15 23:40 UTC</EndDateTime>
		<EndTestTime>1752622851</EndTestTime>
		<ElapsedMinutes>0</ElapsedMinutes>
	</Testing>
</Site>
