<?xml version="1.0" encoding="UTF-8"?>
<Site BuildName="(empty)"
	BuildStamp="20250715-1935-Experimental"
	Name="(empty)"
	Generator="ctest-3.28.3"
	CompilerName=""
	CompilerVersion=""
	OSName="Linux"
	Hostname="codespaces-a079b9"
	OSRelease="6.8.0-1027-azure"
	OSVersion="#32~22.04.1-Ubuntu SMP Thu Apr  3 20:26:27 UTC 2025"
	OSPlatform="x86_64"
	Is64Bits="1"
	VendorString="GenuineIntel"
	VendorID="Intel Corporation"
	FamilyID="6"
	ModelID="106"
	ProcessorCacheSize="49152"
	NumberOfLogicalCPU="2"
	NumberOfPhysicalCPU="1"
	TotalVirtualMemory="0"
	TotalPhysicalMemory="7937"
	LogicalProcessorsPerPhysical="2"
	ProcessorClockFrequency="3391.59"
	>
	<Testing>
		<StartDateTime>Jul 15 23:08 UTC</StartDateTime>
		<StartTestTime>1752620899</StartTestTime>
		<TestList>
			<Test>./DiarioAttivitaTest.EliminazioneGenerale</Test>
		</TestList>
		<Test Status="passed">
			<Name>DiarioAttivitaTest.EliminazioneGenerale</Name>
			<Path>.</Path>
			<FullName>./DiarioAttivitaTest.EliminazioneGenerale</FullName>
			<FullCommandLine>/workspaces/esame0207/build/test_diario "--gtest_filter=DiarioAttivitaTest.EliminazioneGenerale" "--gtest_also_run_disabled_tests"</FullCommandLine>
			<Results>
				<NamedMeasurement type="numeric/double" name="Execution Time">
					<Value>0.00389718</Value>
				</NamedMeasurement>
				<NamedMeasurement type="numeric/double" name="Processors">
					<Value>1</Value>
				</NamedMeasurement>
				<NamedMeasurement type="text/string" name="Completion Status">
					<Value>Completed</Value>
				</NamedMeasurement>
				<NamedMeasurement type="text/string" name="Command Line">
					<Value>/workspaces/esame0207/build/test_diario "--gtest_filter=DiarioAttivitaTest.EliminazioneGenerale" "--gtest_also_run_disabled_tests"</Value>
				</NamedMeasurement>
				<NamedMeasurement type="text/string" name="Environment">
					<Value>#CTEST_RESOURCE_GROUP_COUNT=</Value>
				</NamedMeasurement>
				<Measurement>
					<Value encoding="base64" compression="gzip">eJyVUMtqwzAQvOsr9hgfbLm9FAo5BBJ8KKTFaU/GBMXemKV6GGmdQL++foSQtBTcOe0yM6vR5J21ZBswiuwigqN3BuTZ+c/QqgqDxKAMpo/pkzx0pGu5r7ENsnGu0cgYOA6+ulnluA7TfriYVJXYOsZnyEYJvPcMHEkzeljCmpQnt2KmE7EauGSjyZBVX+QsZmjRK42iWF5RQn5J/AA8HhsSX+bQEWMiiviKEjLtDkpPPNoTeWcN2l6LHHftD/Htzd/hRAH5xxZGlPPDTwZ4fZlvgkUKJkT/CTdZgB0rHYl5HTAqH9fubO8b/qtZ8Mom9+/0n3tb7Xab9dDIpE3EN4d0xRY=</Value>
				</Measurement>
			</Results>
		</Test>
		<EndDateTime>Jul 15 23:08 UTC</EndDateTime>
		<EndTestTime>1752620899</EndTestTime>
		<ElapsedMinutes>0</ElapsedMinutes>
	</Testing>
</Site>
